<?xml version="1.0" encoding="UTF-8"?>
<testng-results ignored="0" total="1" passed="1" failed="0" skipped="0">
  <reporter-output>
  </reporter-output>
  <suite started-at="2023-06-28T16:51:49 IST" name="Default suite" finished-at="2023-06-28T16:51:51 IST" duration-ms="2409">
    <groups>
    </groups>
    <test started-at="2023-06-28T16:51:49 IST" name="Default test" finished-at="2023-06-28T16:51:51 IST" duration-ms="2409">
      <class name="Authorization.BearerToken">
        <test-method signature="BearerToken()[pri:0, instance:Authorization.BearerToken@2e005c4b]" started-at="2023-06-28T16:51:49 IST" name="BearerToken" finished-at="2023-06-28T16:51:51 IST" duration-ms="2375" status="PASS">
          <reporter-output>
          </reporter-output>
        </test-method> <!-- BearerToken -->
      </class> <!-- Authorization.BearerToken -->
    </test> <!-- Default test -->
  </suite> <!-- Default suite -->
</testng-results>
